2024-02-22 17:21:36 [main] INFO  c.e.a.AuthenticationServiceApplication - Starting AuthenticationServiceApplication using Java 20.0.2 with PID 34921 (/Users/pragyatyagi/Downloads/authentication-service/target/classes started by pragyatyagi in /Users/pragyatyagi/Downloads/authentication-service)
2024-02-22 17:21:36 [main] INFO  c.e.a.AuthenticationServiceApplication - No active profile set, falling back to 1 default profile: "default"
2024-02-22 17:21:37 [main] INFO  o.s.d.r.c.RepositoryConfigurationDelegate - Bootstrapping Spring Data JPA repositories in DEFAULT mode.
2024-02-22 17:21:37 [main] INFO  o.s.d.r.c.RepositoryConfigurationDelegate - Finished Spring Data repository scanning in 17 ms. Found 1 JPA repository interface.
2024-02-22 17:21:37 [main] INFO  o.s.b.w.e.tomcat.TomcatWebServer - Tomcat initialized with port 9001 (http)
2024-02-22 17:21:37 [main] INFO  o.a.coyote.http11.Http11NioProtocol - Initializing ProtocolHandler ["http-nio-9001"]
2024-02-22 17:21:37 [main] INFO  o.a.catalina.core.StandardService - Starting service [Tomcat]
2024-02-22 17:21:37 [main] INFO  o.a.catalina.core.StandardEngine - Starting Servlet engine: [Apache Tomcat/10.1.18]
2024-02-22 17:21:37 [main] INFO  o.a.c.c.C.[Tomcat].[localhost].[/] - Initializing Spring embedded WebApplicationContext
2024-02-22 17:21:37 [main] INFO  o.s.b.w.s.c.ServletWebServerApplicationContext - Root WebApplicationContext: initialization completed in 712 ms
2024-02-22 17:21:37 [main] INFO  com.zaxxer.hikari.HikariDataSource - HikariPool-1 - Starting...
2024-02-22 17:21:37 [main] INFO  com.zaxxer.hikari.pool.HikariPool - HikariPool-1 - Added connection conn0: url=jdbc:h2:mem:testdb user=SA
2024-02-22 17:21:37 [main] INFO  com.zaxxer.hikari.HikariDataSource - HikariPool-1 - Start completed.
2024-02-22 17:21:37 [main] INFO  o.s.b.a.h.H2ConsoleAutoConfiguration - H2 console available at '/h2-console'. Database available at 'jdbc:h2:mem:testdb'
2024-02-22 17:21:37 [main] INFO  o.h.jpa.internal.util.LogHelper - HHH000204: Processing PersistenceUnitInfo [name: default]
2024-02-22 17:21:37 [main] INFO  org.hibernate.Version - HHH000412: Hibernate ORM core version 6.4.1.Final
2024-02-22 17:21:37 [main] INFO  o.h.c.i.RegionFactoryInitiator - HHH000026: Second-level cache disabled
2024-02-22 17:21:37 [main] INFO  o.s.o.j.p.SpringPersistenceUnitInfo - No LoadTimeWeaver setup: ignoring JPA class transformer
2024-02-22 17:21:37 [main] WARN  org.hibernate.orm.deprecation - HHH90000025: H2Dialect does not need to be specified explicitly using 'hibernate.dialect' (remove the property setting and it will be selected by default)
2024-02-22 17:21:38 [main] INFO  o.h.e.t.j.p.i.JtaPlatformInitiator - HHH000489: No JTA platform available (set 'hibernate.transaction.jta.platform' to enable JTA platform integration)
2024-02-22 17:21:38 [main] INFO  o.s.o.j.LocalContainerEntityManagerFactoryBean - Initialized JPA EntityManagerFactory for persistence unit 'default'
2024-02-22 17:21:38 [main] INFO  o.s.d.j.r.query.QueryEnhancerFactory - Hibernate is in classpath; If applicable, HQL parser will be used.
2024-02-22 17:21:38 [main] WARN  o.s.b.a.o.j.JpaBaseConfiguration$JpaWebConfiguration - spring.jpa.open-in-view is enabled by default. Therefore, database queries may be performed during view rendering. Explicitly configure spring.jpa.open-in-view to disable this warning
2024-02-22 17:21:38 [main] WARN  o.s.b.a.s.s.UserDetailsServiceAutoConfiguration - 

Using generated security password: a8877f84-2c7f-4e6e-a601-3b9363b64633

This generated password is for development use only. Your security configuration must be updated before running your application in production.

2024-02-22 17:21:39 [main] INFO  o.s.b.a.e.web.EndpointLinksResolver - Exposing 1 endpoint(s) beneath base path '/actuator'
2024-02-22 17:21:39 [main] INFO  o.s.s.web.DefaultSecurityFilterChain - Will secure any request with [org.springframework.security.web.session.DisableEncodeUrlFilter@3ef97efc, org.springframework.security.web.context.request.async.WebAsyncManagerIntegrationFilter@46244e65, org.springframework.security.web.context.SecurityContextHolderFilter@6298dafb, org.springframework.security.web.header.HeaderWriterFilter@10ec54c3, org.springframework.web.filter.CorsFilter@20c1cb0c, org.springframework.security.web.authentication.logout.LogoutFilter@4afdcdf6, com.example.authenticationservice.configs.JwtRequestFilter@46c662f2, org.springframework.security.web.authentication.UsernamePasswordAuthenticationFilter@358f85b1, org.springframework.security.web.authentication.ui.DefaultLoginPageGeneratingFilter@1440a166, org.springframework.security.web.authentication.ui.DefaultLogoutPageGeneratingFilter@76e56b17, org.springframework.security.web.savedrequest.RequestCacheAwareFilter@f507d33, org.springframework.security.web.servletapi.SecurityContextHolderAwareRequestFilter@76a41af0, org.springframework.security.web.authentication.AnonymousAuthenticationFilter@31ee5a9, org.springframework.security.web.session.SessionManagementFilter@68c06a2, org.springframework.security.web.access.ExceptionTranslationFilter@795d43d9, org.springframework.security.web.access.intercept.FilterSecurityInterceptor@375dc95c]
2024-02-22 17:21:39 [main] INFO  o.a.coyote.http11.Http11NioProtocol - Starting ProtocolHandler ["http-nio-9001"]
2024-02-22 17:21:39 [main] INFO  o.s.b.w.e.tomcat.TomcatWebServer - Tomcat started on port 9001 (http) with context path ''
2024-02-22 17:21:39 [main] INFO  c.e.a.AuthenticationServiceApplication - Started AuthenticationServiceApplication in 2.815 seconds (process running for 3.066)
2024-02-22 17:21:39 [RMI TCP Connection(3)-127.0.0.1] INFO  o.a.c.c.C.[Tomcat].[localhost].[/] - Initializing Spring DispatcherServlet 'dispatcherServlet'
2024-02-22 17:21:39 [RMI TCP Connection(3)-127.0.0.1] INFO  o.s.web.servlet.DispatcherServlet - Initializing Servlet 'dispatcherServlet'
2024-02-22 17:21:39 [RMI TCP Connection(3)-127.0.0.1] INFO  o.s.web.servlet.DispatcherServlet - Completed initialization in 1 ms
2024-02-22 17:22:14 [http-nio-9001-exec-1] INFO  c.e.a.service.impl.UserServiceImpl - userEntity, user data access object null
2024-02-22 17:32:05 [HikariPool-1 housekeeper] WARN  com.zaxxer.hikari.pool.HikariPool - HikariPool-1 - Thread starvation or clock leap detected (housekeeper delta=9m57s556ms).
2024-02-22 17:51:13 [HikariPool-1 housekeeper] WARN  com.zaxxer.hikari.pool.HikariPool - HikariPool-1 - Thread starvation or clock leap detected (housekeeper delta=2m8s436ms).
2024-02-22 17:59:26 [SpringApplicationShutdownHook] INFO  o.s.o.j.LocalContainerEntityManagerFactoryBean - Closing JPA EntityManagerFactory for persistence unit 'default'
2024-02-22 17:59:26 [SpringApplicationShutdownHook] INFO  com.zaxxer.hikari.HikariDataSource - HikariPool-1 - Shutdown initiated...
2024-02-22 17:59:26 [SpringApplicationShutdownHook] INFO  com.zaxxer.hikari.HikariDataSource - HikariPool-1 - Shutdown completed.
2024-02-22 17:59:29 [main] INFO  c.e.a.AuthenticationServiceApplication - Starting AuthenticationServiceApplication using Java 20.0.2 with PID 35181 (/Users/pragyatyagi/Downloads/authentication-service/target/classes started by pragyatyagi in /Users/pragyatyagi/Downloads/authentication-service)
2024-02-22 17:59:29 [main] INFO  c.e.a.AuthenticationServiceApplication - No active profile set, falling back to 1 default profile: "default"
2024-02-22 17:59:30 [main] INFO  o.s.d.r.c.RepositoryConfigurationDelegate - Bootstrapping Spring Data JPA repositories in DEFAULT mode.
2024-02-22 17:59:30 [main] INFO  o.s.d.r.c.RepositoryConfigurationDelegate - Finished Spring Data repository scanning in 16 ms. Found 1 JPA repository interface.
2024-02-22 17:59:30 [main] INFO  o.s.b.w.e.tomcat.TomcatWebServer - Tomcat initialized with port 9001 (http)
2024-02-22 17:59:30 [main] INFO  o.a.coyote.http11.Http11NioProtocol - Initializing ProtocolHandler ["http-nio-9001"]
2024-02-22 17:59:30 [main] INFO  o.a.catalina.core.StandardService - Starting service [Tomcat]
2024-02-22 17:59:30 [main] INFO  o.a.catalina.core.StandardEngine - Starting Servlet engine: [Apache Tomcat/10.1.18]
2024-02-22 17:59:30 [main] INFO  o.a.c.c.C.[Tomcat].[localhost].[/] - Initializing Spring embedded WebApplicationContext
2024-02-22 17:59:30 [main] INFO  o.s.b.w.s.c.ServletWebServerApplicationContext - Root WebApplicationContext: initialization completed in 696 ms
2024-02-22 17:59:30 [main] INFO  com.zaxxer.hikari.HikariDataSource - HikariPool-1 - Starting...
2024-02-22 17:59:30 [main] INFO  com.zaxxer.hikari.pool.HikariPool - HikariPool-1 - Added connection conn0: url=jdbc:h2:mem:testdb user=SA
2024-02-22 17:59:30 [main] INFO  com.zaxxer.hikari.HikariDataSource - HikariPool-1 - Start completed.
2024-02-22 17:59:30 [main] INFO  o.s.b.a.h.H2ConsoleAutoConfiguration - H2 console available at '/h2-console'. Database available at 'jdbc:h2:mem:testdb'
2024-02-22 17:59:30 [main] INFO  o.h.jpa.internal.util.LogHelper - HHH000204: Processing PersistenceUnitInfo [name: default]
2024-02-22 17:59:30 [main] INFO  org.hibernate.Version - HHH000412: Hibernate ORM core version 6.4.1.Final
2024-02-22 17:59:30 [main] INFO  o.h.c.i.RegionFactoryInitiator - HHH000026: Second-level cache disabled
2024-02-22 17:59:30 [main] INFO  o.s.o.j.p.SpringPersistenceUnitInfo - No LoadTimeWeaver setup: ignoring JPA class transformer
2024-02-22 17:59:30 [main] WARN  org.hibernate.orm.deprecation - HHH90000025: H2Dialect does not need to be specified explicitly using 'hibernate.dialect' (remove the property setting and it will be selected by default)
2024-02-22 17:59:31 [main] INFO  o.h.e.t.j.p.i.JtaPlatformInitiator - HHH000489: No JTA platform available (set 'hibernate.transaction.jta.platform' to enable JTA platform integration)
2024-02-22 17:59:31 [main] INFO  o.s.o.j.LocalContainerEntityManagerFactoryBean - Initialized JPA EntityManagerFactory for persistence unit 'default'
2024-02-22 17:59:31 [main] INFO  o.s.d.j.r.query.QueryEnhancerFactory - Hibernate is in classpath; If applicable, HQL parser will be used.
2024-02-22 17:59:31 [main] WARN  o.s.b.a.o.j.JpaBaseConfiguration$JpaWebConfiguration - spring.jpa.open-in-view is enabled by default. Therefore, database queries may be performed during view rendering. Explicitly configure spring.jpa.open-in-view to disable this warning
2024-02-22 17:59:31 [main] WARN  o.s.b.a.s.s.UserDetailsServiceAutoConfiguration - 

Using generated security password: ba32aca9-2be4-43d2-bac5-b0ea560464ea

This generated password is for development use only. Your security configuration must be updated before running your application in production.

2024-02-22 17:59:31 [main] INFO  o.s.b.a.e.web.EndpointLinksResolver - Exposing 1 endpoint(s) beneath base path '/actuator'
2024-02-22 17:59:31 [main] INFO  o.s.s.web.DefaultSecurityFilterChain - Will secure any request with [org.springframework.security.web.session.DisableEncodeUrlFilter@491afa9b, org.springframework.security.web.context.request.async.WebAsyncManagerIntegrationFilter@147a8d7c, org.springframework.security.web.context.SecurityContextHolderFilter@4c04188, org.springframework.security.web.header.HeaderWriterFilter@68c06a2, org.springframework.web.filter.CorsFilter@60bd11f7, org.springframework.security.web.authentication.logout.LogoutFilter@943184c, com.example.authenticationservice.configs.JwtRequestFilter@1752e45c, org.springframework.security.web.authentication.UsernamePasswordAuthenticationFilter@45b7b254, org.springframework.security.web.authentication.ui.DefaultLoginPageGeneratingFilter@78f2cab9, org.springframework.security.web.authentication.ui.DefaultLogoutPageGeneratingFilter@693f9ab5, org.springframework.security.web.savedrequest.RequestCacheAwareFilter@62d10834, org.springframework.security.web.servletapi.SecurityContextHolderAwareRequestFilter@7eba962d, org.springframework.security.web.authentication.AnonymousAuthenticationFilter@77ef7b2b, org.springframework.security.web.session.SessionManagementFilter@30741e9b, org.springframework.security.web.access.ExceptionTranslationFilter@35738a92, org.springframework.security.web.access.intercept.FilterSecurityInterceptor@8caffbd]
2024-02-22 17:59:31 [main] INFO  o.a.coyote.http11.Http11NioProtocol - Starting ProtocolHandler ["http-nio-9001"]
2024-02-22 17:59:31 [main] INFO  o.s.b.w.e.tomcat.TomcatWebServer - Tomcat started on port 9001 (http) with context path ''
2024-02-22 17:59:31 [main] INFO  c.e.a.AuthenticationServiceApplication - Started AuthenticationServiceApplication in 2.528 seconds (process running for 2.851)
2024-02-22 17:59:32 [RMI TCP Connection(3)-127.0.0.1] INFO  o.a.c.c.C.[Tomcat].[localhost].[/] - Initializing Spring DispatcherServlet 'dispatcherServlet'
2024-02-22 17:59:32 [RMI TCP Connection(3)-127.0.0.1] INFO  o.s.web.servlet.DispatcherServlet - Initializing Servlet 'dispatcherServlet'
2024-02-22 17:59:32 [RMI TCP Connection(3)-127.0.0.1] INFO  o.s.web.servlet.DispatcherServlet - Completed initialization in 1 ms
2024-02-22 18:02:10 [http-nio-9001-exec-2] INFO  c.e.a.service.impl.UserServiceImpl - userEntity, user data access object null
2024-02-22 18:03:22 [SpringApplicationShutdownHook] INFO  o.s.o.j.LocalContainerEntityManagerFactoryBean - Closing JPA EntityManagerFactory for persistence unit 'default'
2024-02-22 18:03:22 [SpringApplicationShutdownHook] INFO  com.zaxxer.hikari.HikariDataSource - HikariPool-1 - Shutdown initiated...
2024-02-22 18:03:22 [SpringApplicationShutdownHook] INFO  com.zaxxer.hikari.HikariDataSource - HikariPool-1 - Shutdown completed.
2024-02-22 18:03:24 [main] INFO  c.e.a.AuthenticationServiceApplication - Starting AuthenticationServiceApplication using Java 20.0.2 with PID 35234 (/Users/pragyatyagi/Downloads/authentication-service/target/classes started by pragyatyagi in /Users/pragyatyagi/Downloads/authentication-service)
2024-02-22 18:03:24 [main] INFO  c.e.a.AuthenticationServiceApplication - No active profile set, falling back to 1 default profile: "default"
2024-02-22 18:03:24 [main] INFO  o.s.d.r.c.RepositoryConfigurationDelegate - Bootstrapping Spring Data JPA repositories in DEFAULT mode.
2024-02-22 18:03:24 [main] INFO  o.s.d.r.c.RepositoryConfigurationDelegate - Finished Spring Data repository scanning in 18 ms. Found 1 JPA repository interface.
2024-02-22 18:03:25 [main] INFO  o.s.b.w.e.tomcat.TomcatWebServer - Tomcat initialized with port 9001 (http)
2024-02-22 18:03:25 [main] INFO  o.a.coyote.http11.Http11NioProtocol - Initializing ProtocolHandler ["http-nio-9001"]
2024-02-22 18:03:25 [main] INFO  o.a.catalina.core.StandardService - Starting service [Tomcat]
2024-02-22 18:03:25 [main] INFO  o.a.catalina.core.StandardEngine - Starting Servlet engine: [Apache Tomcat/10.1.18]
2024-02-22 18:03:25 [main] INFO  o.a.c.c.C.[Tomcat].[localhost].[/] - Initializing Spring embedded WebApplicationContext
2024-02-22 18:03:25 [main] INFO  o.s.b.w.s.c.ServletWebServerApplicationContext - Root WebApplicationContext: initialization completed in 760 ms
2024-02-22 18:03:25 [main] INFO  com.zaxxer.hikari.HikariDataSource - HikariPool-1 - Starting...
2024-02-22 18:03:25 [main] INFO  com.zaxxer.hikari.pool.HikariPool - HikariPool-1 - Added connection conn0: url=jdbc:h2:mem:testdb user=SA
2024-02-22 18:03:25 [main] INFO  com.zaxxer.hikari.HikariDataSource - HikariPool-1 - Start completed.
2024-02-22 18:03:25 [main] INFO  o.s.b.a.h.H2ConsoleAutoConfiguration - H2 console available at '/h2-console'. Database available at 'jdbc:h2:mem:testdb'
2024-02-22 18:03:25 [main] INFO  o.h.jpa.internal.util.LogHelper - HHH000204: Processing PersistenceUnitInfo [name: default]
2024-02-22 18:03:25 [main] INFO  org.hibernate.Version - HHH000412: Hibernate ORM core version 6.4.1.Final
2024-02-22 18:03:25 [main] INFO  o.h.c.i.RegionFactoryInitiator - HHH000026: Second-level cache disabled
2024-02-22 18:03:25 [main] INFO  o.s.o.j.p.SpringPersistenceUnitInfo - No LoadTimeWeaver setup: ignoring JPA class transformer
2024-02-22 18:03:25 [main] WARN  org.hibernate.orm.deprecation - HHH90000025: H2Dialect does not need to be specified explicitly using 'hibernate.dialect' (remove the property setting and it will be selected by default)
2024-02-22 18:03:26 [main] INFO  o.h.e.t.j.p.i.JtaPlatformInitiator - HHH000489: No JTA platform available (set 'hibernate.transaction.jta.platform' to enable JTA platform integration)
2024-02-22 18:03:26 [main] INFO  o.s.o.j.LocalContainerEntityManagerFactoryBean - Initialized JPA EntityManagerFactory for persistence unit 'default'
2024-02-22 18:03:26 [main] INFO  o.s.d.j.r.query.QueryEnhancerFactory - Hibernate is in classpath; If applicable, HQL parser will be used.
2024-02-22 18:03:26 [main] WARN  o.s.b.a.o.j.JpaBaseConfiguration$JpaWebConfiguration - spring.jpa.open-in-view is enabled by default. Therefore, database queries may be performed during view rendering. Explicitly configure spring.jpa.open-in-view to disable this warning
2024-02-22 18:03:26 [main] WARN  o.s.b.a.s.s.UserDetailsServiceAutoConfiguration - 

Using generated security password: 603c39a2-2b54-49a5-801a-a9b2fd77f058

This generated password is for development use only. Your security configuration must be updated before running your application in production.

2024-02-22 18:03:26 [main] INFO  o.s.b.a.e.web.EndpointLinksResolver - Exposing 1 endpoint(s) beneath base path '/actuator'
2024-02-22 18:03:26 [main] INFO  o.s.s.web.DefaultSecurityFilterChain - Will secure any request with [org.springframework.security.web.session.DisableEncodeUrlFilter@20c1cb0c, org.springframework.security.web.context.request.async.WebAsyncManagerIntegrationFilter@76e56b17, org.springframework.security.web.context.SecurityContextHolderFilter@1435b17, org.springframework.security.web.header.HeaderWriterFilter@575a6540, org.springframework.web.filter.CorsFilter@31ee5a9, org.springframework.security.web.authentication.logout.LogoutFilter@48028e11, com.example.authenticationservice.configs.JwtRequestFilter@30798137, org.springframework.security.web.authentication.UsernamePasswordAuthenticationFilter@e822394, org.springframework.security.web.authentication.ui.DefaultLoginPageGeneratingFilter@50e7f88b, org.springframework.security.web.authentication.ui.DefaultLogoutPageGeneratingFilter@67add4c9, org.springframework.security.web.savedrequest.RequestCacheAwareFilter@4c04188, org.springframework.security.web.servletapi.SecurityContextHolderAwareRequestFilter@641bd93e, org.springframework.security.web.authentication.AnonymousAuthenticationFilter@491afa9b, org.springframework.security.web.session.SessionManagementFilter@34ccce55, org.springframework.security.web.access.ExceptionTranslationFilter@62a9d176, org.springframework.security.web.access.intercept.FilterSecurityInterceptor@1fd1deed]
2024-02-22 18:03:26 [main] INFO  o.a.coyote.http11.Http11NioProtocol - Starting ProtocolHandler ["http-nio-9001"]
2024-02-22 18:03:26 [main] INFO  o.s.b.w.e.tomcat.TomcatWebServer - Tomcat started on port 9001 (http) with context path ''
2024-02-22 18:03:26 [main] INFO  c.e.a.AuthenticationServiceApplication - Started AuthenticationServiceApplication in 2.711 seconds (process running for 2.984)
2024-02-22 18:03:27 [RMI TCP Connection(5)-127.0.0.1] INFO  o.a.c.c.C.[Tomcat].[localhost].[/] - Initializing Spring DispatcherServlet 'dispatcherServlet'
2024-02-22 18:03:27 [RMI TCP Connection(5)-127.0.0.1] INFO  o.s.web.servlet.DispatcherServlet - Initializing Servlet 'dispatcherServlet'
2024-02-22 18:03:27 [RMI TCP Connection(5)-127.0.0.1] INFO  o.s.web.servlet.DispatcherServlet - Completed initialization in 0 ms
2024-02-22 18:03:35 [http-nio-9001-exec-2] INFO  c.e.a.service.impl.UserServiceImpl - userEntity, user data access object null
2024-02-22 18:05:00 [http-nio-9001-exec-5] INFO  c.e.a.service.impl.UserServiceImpl - userEntity, user data access object null
2024-02-22 18:06:34 [SpringApplicationShutdownHook] INFO  o.s.o.j.LocalContainerEntityManagerFactoryBean - Closing JPA EntityManagerFactory for persistence unit 'default'
2024-02-22 18:06:34 [SpringApplicationShutdownHook] INFO  com.zaxxer.hikari.HikariDataSource - HikariPool-1 - Shutdown initiated...
2024-02-22 18:06:34 [SpringApplicationShutdownHook] INFO  com.zaxxer.hikari.HikariDataSource - HikariPool-1 - Shutdown completed.
2024-02-22 18:06:36 [main] INFO  c.e.a.AuthenticationServiceApplication - Starting AuthenticationServiceApplication using Java 20.0.2 with PID 35265 (/Users/pragyatyagi/Downloads/authentication-service/target/classes started by pragyatyagi in /Users/pragyatyagi/Downloads/authentication-service)
2024-02-22 18:06:36 [main] INFO  c.e.a.AuthenticationServiceApplication - No active profile set, falling back to 1 default profile: "default"
2024-02-22 18:06:36 [main] INFO  o.s.d.r.c.RepositoryConfigurationDelegate - Bootstrapping Spring Data JPA repositories in DEFAULT mode.
2024-02-22 18:06:36 [main] INFO  o.s.d.r.c.RepositoryConfigurationDelegate - Finished Spring Data repository scanning in 19 ms. Found 1 JPA repository interface.
2024-02-22 18:06:37 [main] INFO  o.s.b.w.e.tomcat.TomcatWebServer - Tomcat initialized with port 9001 (http)
2024-02-22 18:06:37 [main] INFO  o.a.coyote.http11.Http11NioProtocol - Initializing ProtocolHandler ["http-nio-9001"]
2024-02-22 18:06:37 [main] INFO  o.a.catalina.core.StandardService - Starting service [Tomcat]
2024-02-22 18:06:37 [main] INFO  o.a.catalina.core.StandardEngine - Starting Servlet engine: [Apache Tomcat/10.1.18]
2024-02-22 18:06:37 [main] INFO  o.a.c.c.C.[Tomcat].[localhost].[/] - Initializing Spring embedded WebApplicationContext
2024-02-22 18:06:37 [main] INFO  o.s.b.w.s.c.ServletWebServerApplicationContext - Root WebApplicationContext: initialization completed in 713 ms
2024-02-22 18:06:37 [main] INFO  com.zaxxer.hikari.HikariDataSource - HikariPool-1 - Starting...
2024-02-22 18:06:37 [main] INFO  com.zaxxer.hikari.pool.HikariPool - HikariPool-1 - Added connection conn0: url=jdbc:h2:mem:testdb user=SA
2024-02-22 18:06:37 [main] INFO  com.zaxxer.hikari.HikariDataSource - HikariPool-1 - Start completed.
2024-02-22 18:06:37 [main] INFO  o.s.b.a.h.H2ConsoleAutoConfiguration - H2 console available at '/h2-console'. Database available at 'jdbc:h2:mem:testdb'
2024-02-22 18:06:37 [main] INFO  o.h.jpa.internal.util.LogHelper - HHH000204: Processing PersistenceUnitInfo [name: default]
2024-02-22 18:06:37 [main] INFO  org.hibernate.Version - HHH000412: Hibernate ORM core version 6.4.1.Final
2024-02-22 18:06:37 [main] INFO  o.h.c.i.RegionFactoryInitiator - HHH000026: Second-level cache disabled
2024-02-22 18:06:37 [main] INFO  o.s.o.j.p.SpringPersistenceUnitInfo - No LoadTimeWeaver setup: ignoring JPA class transformer
2024-02-22 18:06:37 [main] WARN  org.hibernate.orm.deprecation - HHH90000025: H2Dialect does not need to be specified explicitly using 'hibernate.dialect' (remove the property setting and it will be selected by default)
2024-02-22 18:06:38 [main] INFO  o.h.e.t.j.p.i.JtaPlatformInitiator - HHH000489: No JTA platform available (set 'hibernate.transaction.jta.platform' to enable JTA platform integration)
2024-02-22 18:06:38 [main] INFO  o.s.o.j.LocalContainerEntityManagerFactoryBean - Initialized JPA EntityManagerFactory for persistence unit 'default'
2024-02-22 18:06:38 [main] INFO  o.s.d.j.r.query.QueryEnhancerFactory - Hibernate is in classpath; If applicable, HQL parser will be used.
2024-02-22 18:06:38 [main] WARN  o.s.b.a.o.j.JpaBaseConfiguration$JpaWebConfiguration - spring.jpa.open-in-view is enabled by default. Therefore, database queries may be performed during view rendering. Explicitly configure spring.jpa.open-in-view to disable this warning
2024-02-22 18:06:38 [main] WARN  o.s.b.a.s.s.UserDetailsServiceAutoConfiguration - 

Using generated security password: 2488c385-5612-4b10-a65b-7dc2ded20765

This generated password is for development use only. Your security configuration must be updated before running your application in production.

2024-02-22 18:06:38 [main] INFO  o.s.b.a.e.web.EndpointLinksResolver - Exposing 1 endpoint(s) beneath base path '/actuator'
2024-02-22 18:06:38 [main] INFO  o.s.s.web.DefaultSecurityFilterChain - Will secure any request with [org.springframework.security.web.session.DisableEncodeUrlFilter@67add4c9, org.springframework.security.web.context.request.async.WebAsyncManagerIntegrationFilter@491afa9b, org.springframework.security.web.context.SecurityContextHolderFilter@1fc02a84, org.springframework.security.web.header.HeaderWriterFilter@2f803d8, org.springframework.web.filter.CorsFilter@147a8d7c, org.springframework.security.web.authentication.logout.LogoutFilter@55ed76e6, com.example.authenticationservice.configs.JwtRequestFilter@455da438, org.springframework.security.web.authentication.UsernamePasswordAuthenticationFilter@5a36a405, org.springframework.security.web.authentication.ui.DefaultLoginPageGeneratingFilter@173e4b75, org.springframework.security.web.authentication.ui.DefaultLogoutPageGeneratingFilter@60bd11f7, org.springframework.security.web.savedrequest.RequestCacheAwareFilter@641bd93e, org.springframework.security.web.servletapi.SecurityContextHolderAwareRequestFilter@445265b0, org.springframework.security.web.authentication.AnonymousAuthenticationFilter@693f9ab5, org.springframework.security.web.session.SessionManagementFilter@6298dafb, org.springframework.security.web.access.ExceptionTranslationFilter@19fdcaba, org.springframework.security.web.access.intercept.FilterSecurityInterceptor@197d6cc9]
2024-02-22 18:06:38 [main] INFO  o.a.coyote.http11.Http11NioProtocol - Starting ProtocolHandler ["http-nio-9001"]
2024-02-22 18:06:38 [main] INFO  o.s.b.w.e.tomcat.TomcatWebServer - Tomcat started on port 9001 (http) with context path ''
2024-02-22 18:06:38 [main] INFO  c.e.a.AuthenticationServiceApplication - Started AuthenticationServiceApplication in 2.521 seconds (process running for 2.772)
2024-02-22 18:06:39 [RMI TCP Connection(2)-127.0.0.1] INFO  o.a.c.c.C.[Tomcat].[localhost].[/] - Initializing Spring DispatcherServlet 'dispatcherServlet'
2024-02-22 18:06:39 [RMI TCP Connection(2)-127.0.0.1] INFO  o.s.web.servlet.DispatcherServlet - Initializing Servlet 'dispatcherServlet'
2024-02-22 18:06:39 [RMI TCP Connection(2)-127.0.0.1] INFO  o.s.web.servlet.DispatcherServlet - Completed initialization in 1 ms
2024-02-22 18:07:05 [http-nio-9001-exec-1] INFO  c.e.a.service.impl.UserServiceImpl - userEntity, user data access object null
2024-02-22 18:10:14 [SpringApplicationShutdownHook] INFO  o.s.o.j.LocalContainerEntityManagerFactoryBean - Closing JPA EntityManagerFactory for persistence unit 'default'
2024-02-22 18:10:14 [SpringApplicationShutdownHook] INFO  com.zaxxer.hikari.HikariDataSource - HikariPool-1 - Shutdown initiated...
2024-02-22 18:10:14 [SpringApplicationShutdownHook] INFO  com.zaxxer.hikari.HikariDataSource - HikariPool-1 - Shutdown completed.
2024-02-22 18:10:16 [main] INFO  c.e.a.AuthenticationServiceApplication - Starting AuthenticationServiceApplication using Java 20.0.2 with PID 35307 (/Users/pragyatyagi/Downloads/authentication-service/target/classes started by pragyatyagi in /Users/pragyatyagi/Downloads/authentication-service)
2024-02-22 18:10:16 [main] INFO  c.e.a.AuthenticationServiceApplication - No active profile set, falling back to 1 default profile: "default"
2024-02-22 18:10:16 [main] INFO  o.s.d.r.c.RepositoryConfigurationDelegate - Bootstrapping Spring Data JPA repositories in DEFAULT mode.
2024-02-22 18:10:16 [main] INFO  o.s.d.r.c.RepositoryConfigurationDelegate - Finished Spring Data repository scanning in 68 ms. Found 1 JPA repository interface.
2024-02-22 18:10:17 [main] INFO  o.s.b.w.e.tomcat.TomcatWebServer - Tomcat initialized with port 9001 (http)
2024-02-22 18:10:17 [main] INFO  o.a.coyote.http11.Http11NioProtocol - Initializing ProtocolHandler ["http-nio-9001"]
2024-02-22 18:10:17 [main] INFO  o.a.catalina.core.StandardService - Starting service [Tomcat]
2024-02-22 18:10:17 [main] INFO  o.a.catalina.core.StandardEngine - Starting Servlet engine: [Apache Tomcat/10.1.18]
2024-02-22 18:10:17 [main] INFO  o.a.c.c.C.[Tomcat].[localhost].[/] - Initializing Spring embedded WebApplicationContext
2024-02-22 18:10:17 [main] INFO  o.s.b.w.s.c.ServletWebServerApplicationContext - Root WebApplicationContext: initialization completed in 990 ms
2024-02-22 18:10:17 [main] INFO  com.zaxxer.hikari.HikariDataSource - HikariPool-1 - Starting...
2024-02-22 18:10:17 [main] INFO  com.zaxxer.hikari.pool.HikariPool - HikariPool-1 - Added connection conn0: url=jdbc:h2:mem:testdb user=SA
2024-02-22 18:10:17 [main] INFO  com.zaxxer.hikari.HikariDataSource - HikariPool-1 - Start completed.
2024-02-22 18:10:17 [main] INFO  o.s.b.a.h.H2ConsoleAutoConfiguration - H2 console available at '/h2-console'. Database available at 'jdbc:h2:mem:testdb'
2024-02-22 18:10:17 [main] INFO  o.h.jpa.internal.util.LogHelper - HHH000204: Processing PersistenceUnitInfo [name: default]
2024-02-22 18:10:17 [main] INFO  org.hibernate.Version - HHH000412: Hibernate ORM core version 6.4.1.Final
2024-02-22 18:10:17 [main] INFO  o.h.c.i.RegionFactoryInitiator - HHH000026: Second-level cache disabled
2024-02-22 18:10:17 [main] INFO  o.s.o.j.p.SpringPersistenceUnitInfo - No LoadTimeWeaver setup: ignoring JPA class transformer
2024-02-22 18:10:17 [main] WARN  org.hibernate.orm.deprecation - HHH90000025: H2Dialect does not need to be specified explicitly using 'hibernate.dialect' (remove the property setting and it will be selected by default)
2024-02-22 18:10:17 [main] INFO  o.h.e.t.j.p.i.JtaPlatformInitiator - HHH000489: No JTA platform available (set 'hibernate.transaction.jta.platform' to enable JTA platform integration)
2024-02-22 18:10:17 [main] INFO  o.s.o.j.LocalContainerEntityManagerFactoryBean - Initialized JPA EntityManagerFactory for persistence unit 'default'
2024-02-22 18:10:17 [main] INFO  o.s.d.j.r.query.QueryEnhancerFactory - Hibernate is in classpath; If applicable, HQL parser will be used.
2024-02-22 18:10:18 [main] WARN  o.s.b.a.o.j.JpaBaseConfiguration$JpaWebConfiguration - spring.jpa.open-in-view is enabled by default. Therefore, database queries may be performed during view rendering. Explicitly configure spring.jpa.open-in-view to disable this warning
2024-02-22 18:10:18 [main] WARN  o.s.b.a.s.s.UserDetailsServiceAutoConfiguration - 

Using generated security password: f125513c-a57d-4dbd-b13e-50fc65c05252

This generated password is for development use only. Your security configuration must be updated before running your application in production.

2024-02-22 18:10:18 [main] INFO  o.s.b.a.e.web.EndpointLinksResolver - Exposing 1 endpoint(s) beneath base path '/actuator'
2024-02-22 18:10:18 [main] INFO  o.s.s.web.DefaultSecurityFilterChain - Will secure any request with [org.springframework.security.web.session.DisableEncodeUrlFilter@5a36a405, org.springframework.security.web.context.request.async.WebAsyncManagerIntegrationFilter@45b7b254, org.springframework.security.web.context.SecurityContextHolderFilter@5a95090a, org.springframework.security.web.header.HeaderWriterFilter@71ea9a0d, org.springframework.web.filter.CorsFilter@76320633, org.springframework.security.web.authentication.logout.LogoutFilter@25e01756, com.example.authenticationservice.configs.JwtRequestFilter@121ddca4, org.springframework.security.web.authentication.UsernamePasswordAuthenticationFilter@25c3a441, org.springframework.security.web.authentication.ui.DefaultLoginPageGeneratingFilter@62d10834, org.springframework.security.web.authentication.ui.DefaultLogoutPageGeneratingFilter@5100fe55, org.springframework.security.web.savedrequest.RequestCacheAwareFilter@6298dafb, org.springframework.security.web.servletapi.SecurityContextHolderAwareRequestFilter@2b3b25ad, org.springframework.security.web.authentication.AnonymousAuthenticationFilter@3ef97efc, org.springframework.security.web.session.SessionManagementFilter@575a6540, org.springframework.security.web.access.ExceptionTranslationFilter@47cce306, org.springframework.security.web.access.intercept.FilterSecurityInterceptor@4ec25389]
2024-02-22 18:10:18 [main] INFO  o.a.coyote.http11.Http11NioProtocol - Starting ProtocolHandler ["http-nio-9001"]
2024-02-22 18:10:18 [main] INFO  o.s.b.w.e.tomcat.TomcatWebServer - Tomcat started on port 9001 (http) with context path ''
2024-02-22 18:10:18 [main] INFO  c.e.a.AuthenticationServiceApplication - Started AuthenticationServiceApplication in 3.223 seconds (process running for 3.786)
2024-02-22 18:10:19 [RMI TCP Connection(4)-127.0.0.1] INFO  o.a.c.c.C.[Tomcat].[localhost].[/] - Initializing Spring DispatcherServlet 'dispatcherServlet'
2024-02-22 18:10:19 [RMI TCP Connection(4)-127.0.0.1] INFO  o.s.web.servlet.DispatcherServlet - Initializing Servlet 'dispatcherServlet'
2024-02-22 18:10:19 [RMI TCP Connection(4)-127.0.0.1] INFO  o.s.web.servlet.DispatcherServlet - Completed initialization in 1 ms
2024-02-22 18:10:35 [SpringApplicationShutdownHook] INFO  o.s.o.j.LocalContainerEntityManagerFactoryBean - Closing JPA EntityManagerFactory for persistence unit 'default'
2024-02-22 18:10:35 [SpringApplicationShutdownHook] INFO  com.zaxxer.hikari.HikariDataSource - HikariPool-1 - Shutdown initiated...
2024-02-22 18:10:35 [SpringApplicationShutdownHook] INFO  com.zaxxer.hikari.HikariDataSource - HikariPool-1 - Shutdown completed.
2024-02-22 18:10:37 [main] INFO  c.e.a.AuthenticationServiceApplication - Starting AuthenticationServiceApplication using Java 20.0.2 with PID 35319 (/Users/pragyatyagi/Downloads/authentication-service/target/classes started by pragyatyagi in /Users/pragyatyagi/Downloads/authentication-service)
2024-02-22 18:10:37 [main] INFO  c.e.a.AuthenticationServiceApplication - No active profile set, falling back to 1 default profile: "default"
2024-02-22 18:10:37 [main] INFO  o.s.d.r.c.RepositoryConfigurationDelegate - Bootstrapping Spring Data JPA repositories in DEFAULT mode.
2024-02-22 18:10:37 [main] INFO  o.s.d.r.c.RepositoryConfigurationDelegate - Finished Spring Data repository scanning in 18 ms. Found 1 JPA repository interface.
2024-02-22 18:10:37 [main] INFO  o.s.b.w.e.tomcat.TomcatWebServer - Tomcat initialized with port 9001 (http)
2024-02-22 18:10:37 [main] INFO  o.a.coyote.http11.Http11NioProtocol - Initializing ProtocolHandler ["http-nio-9001"]
2024-02-22 18:10:37 [main] INFO  o.a.catalina.core.StandardService - Starting service [Tomcat]
2024-02-22 18:10:37 [main] INFO  o.a.catalina.core.StandardEngine - Starting Servlet engine: [Apache Tomcat/10.1.18]
2024-02-22 18:10:37 [main] INFO  o.a.c.c.C.[Tomcat].[localhost].[/] - Initializing Spring embedded WebApplicationContext
2024-02-22 18:10:37 [main] INFO  o.s.b.w.s.c.ServletWebServerApplicationContext - Root WebApplicationContext: initialization completed in 725 ms
2024-02-22 18:10:38 [main] INFO  com.zaxxer.hikari.HikariDataSource - HikariPool-1 - Starting...
2024-02-22 18:10:38 [main] INFO  com.zaxxer.hikari.pool.HikariPool - HikariPool-1 - Added connection conn0: url=jdbc:h2:mem:testdb user=SA
2024-02-22 18:10:38 [main] INFO  com.zaxxer.hikari.HikariDataSource - HikariPool-1 - Start completed.
2024-02-22 18:10:38 [main] INFO  o.s.b.a.h.H2ConsoleAutoConfiguration - H2 console available at '/h2-console'. Database available at 'jdbc:h2:mem:testdb'
2024-02-22 18:10:38 [main] INFO  o.h.jpa.internal.util.LogHelper - HHH000204: Processing PersistenceUnitInfo [name: default]
2024-02-22 18:10:38 [main] INFO  org.hibernate.Version - HHH000412: Hibernate ORM core version 6.4.1.Final
2024-02-22 18:10:38 [main] INFO  o.h.c.i.RegionFactoryInitiator - HHH000026: Second-level cache disabled
2024-02-22 18:10:38 [main] INFO  o.s.o.j.p.SpringPersistenceUnitInfo - No LoadTimeWeaver setup: ignoring JPA class transformer
2024-02-22 18:10:38 [main] WARN  org.hibernate.orm.deprecation - HHH90000025: H2Dialect does not need to be specified explicitly using 'hibernate.dialect' (remove the property setting and it will be selected by default)
2024-02-22 18:10:38 [main] INFO  o.h.e.t.j.p.i.JtaPlatformInitiator - HHH000489: No JTA platform available (set 'hibernate.transaction.jta.platform' to enable JTA platform integration)
2024-02-22 18:10:38 [main] INFO  o.s.o.j.LocalContainerEntityManagerFactoryBean - Initialized JPA EntityManagerFactory for persistence unit 'default'
2024-02-22 18:10:38 [main] INFO  o.s.d.j.r.query.QueryEnhancerFactory - Hibernate is in classpath; If applicable, HQL parser will be used.
2024-02-22 18:10:39 [main] WARN  o.s.b.a.o.j.JpaBaseConfiguration$JpaWebConfiguration - spring.jpa.open-in-view is enabled by default. Therefore, database queries may be performed during view rendering. Explicitly configure spring.jpa.open-in-view to disable this warning
2024-02-22 18:10:39 [main] WARN  o.s.b.a.s.s.UserDetailsServiceAutoConfiguration - 

Using generated security password: e4cf4662-620f-4e5a-a939-256972f5044e

This generated password is for development use only. Your security configuration must be updated before running your application in production.

2024-02-22 18:10:39 [main] INFO  o.s.b.a.e.web.EndpointLinksResolver - Exposing 1 endpoint(s) beneath base path '/actuator'
2024-02-22 18:10:39 [main] INFO  o.s.s.web.DefaultSecurityFilterChain - Will secure any request with [org.springframework.security.web.session.DisableEncodeUrlFilter@7aca4144, org.springframework.security.web.context.request.async.WebAsyncManagerIntegrationFilter@a19fe87, org.springframework.security.web.context.SecurityContextHolderFilter@50e7f88b, org.springframework.security.web.header.HeaderWriterFilter@1fc02a84, org.springframework.web.filter.CorsFilter@26aecf31, org.springframework.security.web.authentication.logout.LogoutFilter@139862ca, com.example.authenticationservice.configs.JwtRequestFilter@7b5833ee, org.springframework.security.web.authentication.UsernamePasswordAuthenticationFilter@147a8d7c, org.springframework.security.web.authentication.ui.DefaultLoginPageGeneratingFilter@324c3ed5, org.springframework.security.web.authentication.ui.DefaultLogoutPageGeneratingFilter@77fa509a, org.springframework.security.web.savedrequest.RequestCacheAwareFilter@78f2cab9, org.springframework.security.web.servletapi.SecurityContextHolderAwareRequestFilter@5a429813, org.springframework.security.web.authentication.AnonymousAuthenticationFilter@5f92ef40, org.springframework.security.web.session.SessionManagementFilter@34f4fd04, org.springframework.security.web.access.ExceptionTranslationFilter@7668edd7, org.springframework.security.web.access.intercept.FilterSecurityInterceptor@5a36a405]
2024-02-22 18:10:39 [main] INFO  o.a.coyote.http11.Http11NioProtocol - Starting ProtocolHandler ["http-nio-9001"]
2024-02-22 18:10:39 [main] INFO  o.s.b.w.e.tomcat.TomcatWebServer - Tomcat started on port 9001 (http) with context path ''
2024-02-22 18:10:39 [main] INFO  c.e.a.AuthenticationServiceApplication - Started AuthenticationServiceApplication in 2.813 seconds (process running for 3.084)
2024-02-22 18:10:39 [RMI TCP Connection(4)-127.0.0.1] INFO  o.a.c.c.C.[Tomcat].[localhost].[/] - Initializing Spring DispatcherServlet 'dispatcherServlet'
2024-02-22 18:10:39 [RMI TCP Connection(4)-127.0.0.1] INFO  o.s.web.servlet.DispatcherServlet - Initializing Servlet 'dispatcherServlet'
2024-02-22 18:10:39 [RMI TCP Connection(4)-127.0.0.1] INFO  o.s.web.servlet.DispatcherServlet - Completed initialization in 1 ms
2024-02-22 18:11:02 [http-nio-9001-exec-2] INFO  c.e.a.service.impl.UserServiceImpl - userEntity, user data access object null
2024-02-22 18:11:17 [http-nio-9001-exec-4] INFO  c.e.a.service.impl.UserServiceImpl - userEntity, user data access object com.example.authenticationservice.entity.UserEntity@4cd7632
2024-02-22 18:11:40 [http-nio-9001-exec-5] INFO  c.e.a.service.impl.UserServiceImpl - userEntity, user data access object com.example.authenticationservice.entity.UserEntity@309f9273
2024-02-22 18:11:46 [SpringApplicationShutdownHook] INFO  o.s.o.j.LocalContainerEntityManagerFactoryBean - Closing JPA EntityManagerFactory for persistence unit 'default'
2024-02-22 18:11:46 [SpringApplicationShutdownHook] INFO  com.zaxxer.hikari.HikariDataSource - HikariPool-1 - Shutdown initiated...
2024-02-22 18:11:46 [SpringApplicationShutdownHook] INFO  com.zaxxer.hikari.HikariDataSource - HikariPool-1 - Shutdown completed.
2024-02-22 18:11:47 [main] INFO  c.e.a.AuthenticationServiceApplication - Starting AuthenticationServiceApplication using Java 20.0.2 with PID 35336 (/Users/pragyatyagi/Downloads/authentication-service/target/classes started by pragyatyagi in /Users/pragyatyagi/Downloads/authentication-service)
2024-02-22 18:11:47 [main] INFO  c.e.a.AuthenticationServiceApplication - No active profile set, falling back to 1 default profile: "default"
2024-02-22 18:11:48 [main] INFO  o.s.d.r.c.RepositoryConfigurationDelegate - Bootstrapping Spring Data JPA repositories in DEFAULT mode.
2024-02-22 18:11:48 [main] INFO  o.s.d.r.c.RepositoryConfigurationDelegate - Finished Spring Data repository scanning in 18 ms. Found 1 JPA repository interface.
2024-02-22 18:11:48 [main] INFO  o.s.b.w.e.tomcat.TomcatWebServer - Tomcat initialized with port 9001 (http)
2024-02-22 18:11:48 [main] INFO  o.a.coyote.http11.Http11NioProtocol - Initializing ProtocolHandler ["http-nio-9001"]
2024-02-22 18:11:48 [main] INFO  o.a.catalina.core.StandardService - Starting service [Tomcat]
2024-02-22 18:11:48 [main] INFO  o.a.catalina.core.StandardEngine - Starting Servlet engine: [Apache Tomcat/10.1.18]
2024-02-22 18:11:48 [main] INFO  o.a.c.c.C.[Tomcat].[localhost].[/] - Initializing Spring embedded WebApplicationContext
2024-02-22 18:11:48 [main] INFO  o.s.b.w.s.c.ServletWebServerApplicationContext - Root WebApplicationContext: initialization completed in 698 ms
2024-02-22 18:11:48 [main] INFO  com.zaxxer.hikari.HikariDataSource - HikariPool-1 - Starting...
2024-02-22 18:11:48 [main] INFO  com.zaxxer.hikari.pool.HikariPool - HikariPool-1 - Added connection conn0: url=jdbc:h2:mem:testdb user=SA
2024-02-22 18:11:48 [main] INFO  com.zaxxer.hikari.HikariDataSource - HikariPool-1 - Start completed.
2024-02-22 18:11:48 [main] INFO  o.s.b.a.h.H2ConsoleAutoConfiguration - H2 console available at '/h2-console'. Database available at 'jdbc:h2:mem:testdb'
2024-02-22 18:11:48 [main] INFO  o.h.jpa.internal.util.LogHelper - HHH000204: Processing PersistenceUnitInfo [name: default]
2024-02-22 18:11:48 [main] INFO  org.hibernate.Version - HHH000412: Hibernate ORM core version 6.4.1.Final
2024-02-22 18:11:48 [main] INFO  o.h.c.i.RegionFactoryInitiator - HHH000026: Second-level cache disabled
2024-02-22 18:11:48 [main] INFO  o.s.o.j.p.SpringPersistenceUnitInfo - No LoadTimeWeaver setup: ignoring JPA class transformer
2024-02-22 18:11:48 [main] WARN  org.hibernate.orm.deprecation - HHH90000025: H2Dialect does not need to be specified explicitly using 'hibernate.dialect' (remove the property setting and it will be selected by default)
2024-02-22 18:11:49 [main] INFO  o.h.e.t.j.p.i.JtaPlatformInitiator - HHH000489: No JTA platform available (set 'hibernate.transaction.jta.platform' to enable JTA platform integration)
2024-02-22 18:11:49 [main] INFO  o.s.o.j.LocalContainerEntityManagerFactoryBean - Initialized JPA EntityManagerFactory for persistence unit 'default'
2024-02-22 18:11:49 [main] INFO  o.s.d.j.r.query.QueryEnhancerFactory - Hibernate is in classpath; If applicable, HQL parser will be used.
2024-02-22 18:11:49 [main] WARN  o.s.b.a.o.j.JpaBaseConfiguration$JpaWebConfiguration - spring.jpa.open-in-view is enabled by default. Therefore, database queries may be performed during view rendering. Explicitly configure spring.jpa.open-in-view to disable this warning
2024-02-22 18:11:49 [main] WARN  o.s.b.a.s.s.UserDetailsServiceAutoConfiguration - 

Using generated security password: ae27f8bb-08df-42fc-b510-ee478b3197ba

This generated password is for development use only. Your security configuration must be updated before running your application in production.

2024-02-22 18:11:49 [main] INFO  o.s.b.a.e.web.EndpointLinksResolver - Exposing 1 endpoint(s) beneath base path '/actuator'
2024-02-22 18:11:49 [main] INFO  o.s.s.web.DefaultSecurityFilterChain - Will secure any request with [org.springframework.security.web.session.DisableEncodeUrlFilter@5a36a405, org.springframework.security.web.context.request.async.WebAsyncManagerIntegrationFilter@45b7b254, org.springframework.security.web.context.SecurityContextHolderFilter@5a95090a, org.springframework.security.web.header.HeaderWriterFilter@71ea9a0d, org.springframework.web.filter.CorsFilter@76320633, org.springframework.security.web.authentication.logout.LogoutFilter@25e01756, com.example.authenticationservice.configs.JwtRequestFilter@3f06ebe0, org.springframework.security.web.authentication.UsernamePasswordAuthenticationFilter@25c3a441, org.springframework.security.web.authentication.ui.DefaultLoginPageGeneratingFilter@62d10834, org.springframework.security.web.authentication.ui.DefaultLogoutPageGeneratingFilter@5100fe55, org.springframework.security.web.savedrequest.RequestCacheAwareFilter@6298dafb, org.springframework.security.web.servletapi.SecurityContextHolderAwareRequestFilter@2b3b25ad, org.springframework.security.web.authentication.AnonymousAuthenticationFilter@3ef97efc, org.springframework.security.web.session.SessionManagementFilter@575a6540, org.springframework.security.web.access.ExceptionTranslationFilter@47cce306, org.springframework.security.web.access.intercept.FilterSecurityInterceptor@4ec25389]
2024-02-22 18:11:50 [main] INFO  o.a.coyote.http11.Http11NioProtocol - Starting ProtocolHandler ["http-nio-9001"]
2024-02-22 18:11:50 [main] INFO  o.s.b.w.e.tomcat.TomcatWebServer - Tomcat started on port 9001 (http) with context path ''
2024-02-22 18:11:50 [main] INFO  c.e.a.AuthenticationServiceApplication - Started AuthenticationServiceApplication in 2.469 seconds (process running for 2.806)
2024-02-22 18:11:50 [RMI TCP Connection(3)-127.0.0.1] INFO  o.a.c.c.C.[Tomcat].[localhost].[/] - Initializing Spring DispatcherServlet 'dispatcherServlet'
2024-02-22 18:11:50 [RMI TCP Connection(3)-127.0.0.1] INFO  o.s.web.servlet.DispatcherServlet - Initializing Servlet 'dispatcherServlet'
2024-02-22 18:11:50 [RMI TCP Connection(3)-127.0.0.1] INFO  o.s.web.servlet.DispatcherServlet - Completed initialization in 1 ms
2024-02-22 18:12:13 [http-nio-9001-exec-2] INFO  c.e.a.service.impl.UserServiceImpl - userEntity, user data access object null
2024-02-22 18:13:29 [http-nio-9001-exec-5] INFO  c.e.a.service.impl.UserServiceImpl - userEntity, user data access object null
2024-02-22 18:32:38 [http-nio-9001-exec-10] INFO  c.e.a.service.impl.UserServiceImpl - userEntity, user data access object com.example.authenticationservice.entity.UserEntity@3c038810
2024-02-22 18:34:37 [SpringApplicationShutdownHook] INFO  o.s.o.j.LocalContainerEntityManagerFactoryBean - Closing JPA EntityManagerFactory for persistence unit 'default'
2024-02-22 18:34:37 [SpringApplicationShutdownHook] INFO  com.zaxxer.hikari.HikariDataSource - HikariPool-1 - Shutdown initiated...
2024-02-22 18:34:37 [SpringApplicationShutdownHook] INFO  com.zaxxer.hikari.HikariDataSource - HikariPool-1 - Shutdown completed.
2024-02-22 18:34:39 [main] INFO  c.e.a.AuthenticationServiceApplication - Starting AuthenticationServiceApplication using Java 20.0.2 with PID 35693 (/Users/pragyatyagi/Downloads/authentication-service/target/classes started by pragyatyagi in /Users/pragyatyagi/Downloads/authentication-service)
2024-02-22 18:34:39 [main] INFO  c.e.a.AuthenticationServiceApplication - No active profile set, falling back to 1 default profile: "default"
2024-02-22 18:34:39 [main] INFO  o.s.d.r.c.RepositoryConfigurationDelegate - Bootstrapping Spring Data JPA repositories in DEFAULT mode.
2024-02-22 18:34:39 [main] INFO  o.s.d.r.c.RepositoryConfigurationDelegate - Finished Spring Data repository scanning in 20 ms. Found 1 JPA repository interface.
2024-02-22 18:34:39 [main] INFO  o.s.b.w.e.tomcat.TomcatWebServer - Tomcat initialized with port 9001 (http)
2024-02-22 18:34:39 [main] INFO  o.a.coyote.http11.Http11NioProtocol - Initializing ProtocolHandler ["http-nio-9001"]
2024-02-22 18:34:39 [main] INFO  o.a.catalina.core.StandardService - Starting service [Tomcat]
2024-02-22 18:34:39 [main] INFO  o.a.catalina.core.StandardEngine - Starting Servlet engine: [Apache Tomcat/10.1.18]
2024-02-22 18:34:39 [main] INFO  o.a.c.c.C.[Tomcat].[localhost].[/] - Initializing Spring embedded WebApplicationContext
2024-02-22 18:34:39 [main] INFO  o.s.b.w.s.c.ServletWebServerApplicationContext - Root WebApplicationContext: initialization completed in 763 ms
2024-02-22 18:34:39 [main] INFO  com.zaxxer.hikari.HikariDataSource - HikariPool-1 - Starting...
2024-02-22 18:34:39 [main] INFO  com.zaxxer.hikari.pool.HikariPool - HikariPool-1 - Added connection conn0: url=jdbc:h2:mem:testdb user=SA
2024-02-22 18:34:39 [main] INFO  com.zaxxer.hikari.HikariDataSource - HikariPool-1 - Start completed.
2024-02-22 18:34:39 [main] INFO  o.s.b.a.h.H2ConsoleAutoConfiguration - H2 console available at '/h2-console'. Database available at 'jdbc:h2:mem:testdb'
2024-02-22 18:34:40 [main] INFO  o.h.jpa.internal.util.LogHelper - HHH000204: Processing PersistenceUnitInfo [name: default]
2024-02-22 18:34:40 [main] INFO  org.hibernate.Version - HHH000412: Hibernate ORM core version 6.4.1.Final
2024-02-22 18:34:40 [main] INFO  o.h.c.i.RegionFactoryInitiator - HHH000026: Second-level cache disabled
2024-02-22 18:34:40 [main] INFO  o.s.o.j.p.SpringPersistenceUnitInfo - No LoadTimeWeaver setup: ignoring JPA class transformer
2024-02-22 18:34:40 [main] WARN  org.hibernate.orm.deprecation - HHH90000025: H2Dialect does not need to be specified explicitly using 'hibernate.dialect' (remove the property setting and it will be selected by default)
2024-02-22 18:34:40 [main] INFO  o.h.e.t.j.p.i.JtaPlatformInitiator - HHH000489: No JTA platform available (set 'hibernate.transaction.jta.platform' to enable JTA platform integration)
2024-02-22 18:34:40 [main] INFO  o.s.o.j.LocalContainerEntityManagerFactoryBean - Initialized JPA EntityManagerFactory for persistence unit 'default'
2024-02-22 18:34:40 [main] INFO  o.s.d.j.r.query.QueryEnhancerFactory - Hibernate is in classpath; If applicable, HQL parser will be used.
2024-02-22 18:34:40 [main] WARN  o.s.b.a.o.j.JpaBaseConfiguration$JpaWebConfiguration - spring.jpa.open-in-view is enabled by default. Therefore, database queries may be performed during view rendering. Explicitly configure spring.jpa.open-in-view to disable this warning
2024-02-22 18:34:40 [main] WARN  o.s.b.a.s.s.UserDetailsServiceAutoConfiguration - 

Using generated security password: cff1e170-4d44-4f40-9b71-ba5d5a9ada63

This generated password is for development use only. Your security configuration must be updated before running your application in production.

2024-02-22 18:34:41 [main] INFO  o.s.b.a.e.web.EndpointLinksResolver - Exposing 1 endpoint(s) beneath base path '/actuator'
2024-02-22 18:34:41 [main] INFO  o.s.s.web.DefaultSecurityFilterChain - Will secure any request with [org.springframework.security.web.session.DisableEncodeUrlFilter@2057d8ec, org.springframework.security.web.context.request.async.WebAsyncManagerIntegrationFilter@52bef30b, org.springframework.security.web.context.SecurityContextHolderFilter@35738a92, org.springframework.security.web.header.HeaderWriterFilter@6af447b6, org.springframework.web.filter.CorsFilter@d56d9f6, org.springframework.security.web.authentication.logout.LogoutFilter@26ab3c1b, com.example.authenticationservice.configs.JwtRequestFilter@4dd1548e, org.springframework.security.web.authentication.UsernamePasswordAuthenticationFilter@6b5f91a5, org.springframework.security.web.authentication.ui.DefaultLoginPageGeneratingFilter@1435b17, org.springframework.security.web.authentication.ui.DefaultLogoutPageGeneratingFilter@358f85b1, org.springframework.security.web.savedrequest.RequestCacheAwareFilter@7e544223, org.springframework.security.web.servletapi.SecurityContextHolderAwareRequestFilter@68c06a2, org.springframework.security.web.authentication.AnonymousAuthenticationFilter@2b01bb54, org.springframework.security.web.session.SessionManagementFilter@30c96ea9, org.springframework.security.web.access.ExceptionTranslationFilter@c581e65, org.springframework.security.web.access.intercept.FilterSecurityInterceptor@408f3054]
2024-02-22 18:34:41 [main] INFO  o.a.coyote.http11.Http11NioProtocol - Starting ProtocolHandler ["http-nio-9001"]
2024-02-22 18:34:41 [main] INFO  o.s.b.w.e.tomcat.TomcatWebServer - Tomcat started on port 9001 (http) with context path ''
2024-02-22 18:34:41 [main] INFO  c.e.a.AuthenticationServiceApplication - Started AuthenticationServiceApplication in 2.779 seconds (process running for 3.145)
2024-02-22 18:34:41 [RMI TCP Connection(5)-127.0.0.1] INFO  o.a.c.c.C.[Tomcat].[localhost].[/] - Initializing Spring DispatcherServlet 'dispatcherServlet'
2024-02-22 18:34:41 [RMI TCP Connection(5)-127.0.0.1] INFO  o.s.web.servlet.DispatcherServlet - Initializing Servlet 'dispatcherServlet'
2024-02-22 18:34:41 [RMI TCP Connection(5)-127.0.0.1] INFO  o.s.web.servlet.DispatcherServlet - Completed initialization in 0 ms
2024-02-22 18:34:56 [http-nio-9001-exec-2] INFO  c.e.a.service.impl.UserServiceImpl - userEntity, user data access object null
2024-02-22 18:42:32 [http-nio-9001-exec-4] INFO  c.e.a.service.impl.UserServiceImpl - userEntity, user data access object null
2024-02-22 18:45:23 [http-nio-9001-exec-8] INFO  c.e.a.service.impl.UserServiceImpl - userEntity, user data access object com.example.authenticationservice.entity.UserEntity@68a1889d
2024-02-22 18:55:14 [http-nio-9001-exec-2] INFO  c.e.a.service.impl.UserServiceImpl - userEntity, user data access object com.example.authenticationservice.entity.UserEntity@68225862
2024-02-22 18:55:36 [http-nio-9001-exec-7] INFO  c.e.a.service.impl.UserServiceImpl - userEntity, user data access object null
2024-02-22 19:00:57 [http-nio-9001-exec-1] INFO  c.e.a.service.impl.UserServiceImpl - userEntity, user data access object com.example.authenticationservice.entity.UserEntity@189809a0
2024-02-22 19:03:46 [http-nio-9001-exec-5] INFO  c.e.a.service.impl.UserServiceImpl - userEntity, user data access object com.example.authenticationservice.entity.UserEntity@1494369f
2024-02-22 19:09:58 [http-nio-9001-exec-9] INFO  c.e.a.service.impl.UserServiceImpl - userEntity, user data access object com.example.authenticationservice.entity.UserEntity@15d34cdc
2024-02-22 19:11:45 [http-nio-9001-exec-10] INFO  c.e.a.service.impl.UserServiceImpl - userEntity, user data access object com.example.authenticationservice.entity.UserEntity@1dde0b37
2024-02-22 19:14:40 [http-nio-9001-exec-4] INFO  c.e.a.service.impl.UserServiceImpl - userEntity, user data access object com.example.authenticationservice.entity.UserEntity@28e5542a
2024-02-22 19:18:39 [SpringApplicationShutdownHook] INFO  o.s.o.j.LocalContainerEntityManagerFactoryBean - Closing JPA EntityManagerFactory for persistence unit 'default'
2024-02-22 19:18:39 [SpringApplicationShutdownHook] INFO  com.zaxxer.hikari.HikariDataSource - HikariPool-1 - Shutdown initiated...
2024-02-22 19:18:39 [SpringApplicationShutdownHook] INFO  com.zaxxer.hikari.HikariDataSource - HikariPool-1 - Shutdown completed.
2024-02-22 19:18:42 [main] INFO  c.e.a.AuthenticationServiceApplication - Starting AuthenticationServiceApplication using Java 20.0.2 with PID 36276 (/Users/pragyatyagi/Downloads/authentication-service/target/classes started by pragyatyagi in /Users/pragyatyagi/Downloads/authentication-service)
2024-02-22 19:18:42 [main] INFO  c.e.a.AuthenticationServiceApplication - No active profile set, falling back to 1 default profile: "default"
2024-02-22 19:18:42 [main] INFO  o.s.d.r.c.RepositoryConfigurationDelegate - Bootstrapping Spring Data JPA repositories in DEFAULT mode.
2024-02-22 19:18:42 [main] INFO  o.s.d.r.c.RepositoryConfigurationDelegate - Finished Spring Data repository scanning in 16 ms. Found 1 JPA repository interface.
2024-02-22 19:18:43 [main] INFO  o.s.b.w.e.tomcat.TomcatWebServer - Tomcat initialized with port 9001 (http)
2024-02-22 19:18:43 [main] INFO  o.a.coyote.http11.Http11NioProtocol - Initializing ProtocolHandler ["http-nio-9001"]
2024-02-22 19:18:43 [main] INFO  o.a.catalina.core.StandardService - Starting service [Tomcat]
2024-02-22 19:18:43 [main] INFO  o.a.catalina.core.StandardEngine - Starting Servlet engine: [Apache Tomcat/10.1.18]
2024-02-22 19:18:43 [main] INFO  o.a.c.c.C.[Tomcat].[localhost].[/] - Initializing Spring embedded WebApplicationContext
2024-02-22 19:18:43 [main] INFO  o.s.b.w.s.c.ServletWebServerApplicationContext - Root WebApplicationContext: initialization completed in 767 ms
2024-02-22 19:18:43 [main] INFO  com.zaxxer.hikari.HikariDataSource - HikariPool-1 - Starting...
2024-02-22 19:18:43 [main] INFO  com.zaxxer.hikari.pool.HikariPool - HikariPool-1 - Added connection conn0: url=jdbc:h2:mem:testdb user=SA
2024-02-22 19:18:43 [main] INFO  com.zaxxer.hikari.HikariDataSource - HikariPool-1 - Start completed.
2024-02-22 19:18:43 [main] INFO  o.s.b.a.h.H2ConsoleAutoConfiguration - H2 console available at '/h2-console'. Database available at 'jdbc:h2:mem:testdb'
2024-02-22 19:18:43 [main] INFO  o.h.jpa.internal.util.LogHelper - HHH000204: Processing PersistenceUnitInfo [name: default]
2024-02-22 19:18:43 [main] INFO  org.hibernate.Version - HHH000412: Hibernate ORM core version 6.4.1.Final
2024-02-22 19:18:43 [main] INFO  o.h.c.i.RegionFactoryInitiator - HHH000026: Second-level cache disabled
2024-02-22 19:18:43 [main] INFO  o.s.o.j.p.SpringPersistenceUnitInfo - No LoadTimeWeaver setup: ignoring JPA class transformer
2024-02-22 19:18:43 [main] WARN  org.hibernate.orm.deprecation - HHH90000025: H2Dialect does not need to be specified explicitly using 'hibernate.dialect' (remove the property setting and it will be selected by default)
2024-02-22 19:18:43 [main] INFO  o.h.e.t.j.p.i.JtaPlatformInitiator - HHH000489: No JTA platform available (set 'hibernate.transaction.jta.platform' to enable JTA platform integration)
2024-02-22 19:18:43 [main] INFO  o.s.o.j.LocalContainerEntityManagerFactoryBean - Initialized JPA EntityManagerFactory for persistence unit 'default'
2024-02-22 19:18:43 [main] INFO  o.s.d.j.r.query.QueryEnhancerFactory - Hibernate is in classpath; If applicable, HQL parser will be used.
2024-02-22 19:18:44 [main] WARN  o.s.b.a.o.j.JpaBaseConfiguration$JpaWebConfiguration - spring.jpa.open-in-view is enabled by default. Therefore, database queries may be performed during view rendering. Explicitly configure spring.jpa.open-in-view to disable this warning
2024-02-22 19:18:44 [main] WARN  o.s.b.a.s.s.UserDetailsServiceAutoConfiguration - 

Using generated security password: 7884cb01-8fe2-4968-936b-eed8393742a2

This generated password is for development use only. Your security configuration must be updated before running your application in production.

2024-02-22 19:18:44 [main] INFO  o.s.b.a.e.web.EndpointLinksResolver - Exposing 1 endpoint(s) beneath base path '/actuator'
2024-02-22 19:18:44 [main] INFO  o.s.s.web.DefaultSecurityFilterChain - Will secure any request with [org.springframework.security.web.session.DisableEncodeUrlFilter@60bd11f7, org.springframework.security.web.context.request.async.WebAsyncManagerIntegrationFilter@693f9ab5, org.springframework.security.web.context.SecurityContextHolderFilter@7a1148f2, org.springframework.security.web.header.HeaderWriterFilter@34ccce55, org.springframework.web.filter.CorsFilter@77ef7b2b, org.springframework.security.web.authentication.logout.LogoutFilter@1aac520e, com.example.authenticationservice.configs.JwtRequestFilter@2c77344f, org.springframework.security.web.authentication.UsernamePasswordAuthenticationFilter@5100fe55, org.springframework.security.web.authentication.ui.DefaultLoginPageGeneratingFilter@3fc2197d, org.springframework.security.web.authentication.ui.DefaultLogoutPageGeneratingFilter@373e09c7, org.springframework.security.web.savedrequest.RequestCacheAwareFilter@445265b0, org.springframework.security.web.servletapi.SecurityContextHolderAwareRequestFilter@74f6237, org.springframework.security.web.authentication.AnonymousAuthenticationFilter@3f04847e, org.springframework.security.web.session.SessionManagementFilter@2b3b25ad, org.springframework.security.web.access.ExceptionTranslationFilter@2005d3e0, org.springframework.security.web.access.intercept.FilterSecurityInterceptor@2057d8ec]
2024-02-22 19:18:45 [main] INFO  o.a.coyote.http11.Http11NioProtocol - Starting ProtocolHandler ["http-nio-9001"]
2024-02-22 19:18:45 [main] INFO  o.s.b.w.e.tomcat.TomcatWebServer - Tomcat started on port 9001 (http) with context path ''
2024-02-22 19:18:45 [main] INFO  c.e.a.AuthenticationServiceApplication - Started AuthenticationServiceApplication in 3.012 seconds (process running for 3.415)
2024-02-22 19:18:45 [RMI TCP Connection(1)-127.0.0.1] INFO  o.a.c.c.C.[Tomcat].[localhost].[/] - Initializing Spring DispatcherServlet 'dispatcherServlet'
2024-02-22 19:18:45 [RMI TCP Connection(1)-127.0.0.1] INFO  o.s.web.servlet.DispatcherServlet - Initializing Servlet 'dispatcherServlet'
2024-02-22 19:18:45 [RMI TCP Connection(1)-127.0.0.1] INFO  o.s.web.servlet.DispatcherServlet - Completed initialization in 1 ms
2024-02-22 19:18:51 [http-nio-9001-exec-1] INFO  c.e.a.service.impl.UserServiceImpl - userEntity, user data access object null
2024-02-22 19:24:06 [HikariPool-1 housekeeper] WARN  com.zaxxer.hikari.pool.HikariPool - HikariPool-1 - Thread starvation or clock leap detected (housekeeper delta=1m23s331ms).
2024-02-22 19:33:16 [HikariPool-1 housekeeper] WARN  com.zaxxer.hikari.pool.HikariPool - HikariPool-1 - Thread starvation or clock leap detected (housekeeper delta=6m40s188ms).
2024-02-22 19:40:43 [HikariPool-1 housekeeper] WARN  com.zaxxer.hikari.pool.HikariPool - HikariPool-1 - Thread starvation or clock leap detected (housekeeper delta=4m26s58ms).
2024-02-22 19:40:52 [http-nio-9001-exec-5] INFO  c.e.a.service.impl.UserServiceImpl - userEntity, user data access object com.example.authenticationservice.entity.UserEntity@e88725c
2024-02-22 19:44:15 [http-nio-9001-exec-9] INFO  c.e.a.service.impl.UserServiceImpl - userEntity, user data access object null
2024-02-22 20:06:07 [HikariPool-1 housekeeper] WARN  com.zaxxer.hikari.pool.HikariPool - HikariPool-1 - Thread starvation or clock leap detected (housekeeper delta=17m24s725ms).
2024-02-22 20:49:19 [HikariPool-1 housekeeper] WARN  com.zaxxer.hikari.pool.HikariPool - HikariPool-1 - Thread starvation or clock leap detected (housekeeper delta=2m11s762ms).
2024-02-22 21:08:11 [SpringApplicationShutdownHook] INFO  o.s.o.j.LocalContainerEntityManagerFactoryBean - Closing JPA EntityManagerFactory for persistence unit 'default'
2024-02-22 21:08:11 [SpringApplicationShutdownHook] INFO  com.zaxxer.hikari.HikariDataSource - HikariPool-1 - Shutdown initiated...
2024-02-22 21:08:11 [SpringApplicationShutdownHook] INFO  com.zaxxer.hikari.HikariDataSource - HikariPool-1 - Shutdown completed.
2024-02-22 21:08:12 [main] INFO  c.e.a.AuthenticationServiceApplication - Starting AuthenticationServiceApplication using Java 20.0.2 with PID 37008 (/Users/pragyatyagi/Downloads/authentication-service/target/classes started by pragyatyagi in /Users/pragyatyagi/Downloads/authentication-service)
2024-02-22 21:08:12 [main] INFO  c.e.a.AuthenticationServiceApplication - No active profile set, falling back to 1 default profile: "default"
2024-02-22 21:08:13 [main] INFO  o.s.d.r.c.RepositoryConfigurationDelegate - Bootstrapping Spring Data JPA repositories in DEFAULT mode.
2024-02-22 21:08:13 [main] INFO  o.s.d.r.c.RepositoryConfigurationDelegate - Finished Spring Data repository scanning in 19 ms. Found 1 JPA repository interface.
2024-02-22 21:08:13 [main] INFO  o.s.b.w.e.tomcat.TomcatWebServer - Tomcat initialized with port 9001 (http)
2024-02-22 21:08:13 [main] INFO  o.a.coyote.http11.Http11NioProtocol - Initializing ProtocolHandler ["http-nio-9001"]
2024-02-22 21:08:13 [main] INFO  o.a.catalina.core.StandardService - Starting service [Tomcat]
2024-02-22 21:08:13 [main] INFO  o.a.catalina.core.StandardEngine - Starting Servlet engine: [Apache Tomcat/10.1.18]
2024-02-22 21:08:13 [main] INFO  o.a.c.c.C.[Tomcat].[localhost].[/] - Initializing Spring embedded WebApplicationContext
2024-02-22 21:08:13 [main] INFO  o.s.b.w.s.c.ServletWebServerApplicationContext - Root WebApplicationContext: initialization completed in 751 ms
2024-02-22 21:08:13 [main] INFO  com.zaxxer.hikari.HikariDataSource - HikariPool-1 - Starting...
2024-02-22 21:08:13 [main] INFO  com.zaxxer.hikari.pool.HikariPool - HikariPool-1 - Added connection conn0: url=jdbc:h2:mem:testdb user=SA
2024-02-22 21:08:13 [main] INFO  com.zaxxer.hikari.HikariDataSource - HikariPool-1 - Start completed.
2024-02-22 21:08:13 [main] INFO  o.s.b.a.h.H2ConsoleAutoConfiguration - H2 console available at '/h2-console'. Database available at 'jdbc:h2:mem:testdb'
2024-02-22 21:08:13 [main] INFO  o.h.jpa.internal.util.LogHelper - HHH000204: Processing PersistenceUnitInfo [name: default]
2024-02-22 21:08:13 [main] INFO  org.hibernate.Version - HHH000412: Hibernate ORM core version 6.4.1.Final
2024-02-22 21:08:13 [main] INFO  o.h.c.i.RegionFactoryInitiator - HHH000026: Second-level cache disabled
2024-02-22 21:08:13 [main] INFO  o.s.o.j.p.SpringPersistenceUnitInfo - No LoadTimeWeaver setup: ignoring JPA class transformer
2024-02-22 21:08:13 [main] WARN  org.hibernate.orm.deprecation - HHH90000025: H2Dialect does not need to be specified explicitly using 'hibernate.dialect' (remove the property setting and it will be selected by default)
2024-02-22 21:08:14 [main] INFO  o.h.e.t.j.p.i.JtaPlatformInitiator - HHH000489: No JTA platform available (set 'hibernate.transaction.jta.platform' to enable JTA platform integration)
2024-02-22 21:08:14 [main] INFO  o.s.o.j.LocalContainerEntityManagerFactoryBean - Initialized JPA EntityManagerFactory for persistence unit 'default'
2024-02-22 21:08:14 [main] INFO  o.s.d.j.r.query.QueryEnhancerFactory - Hibernate is in classpath; If applicable, HQL parser will be used.
2024-02-22 21:08:14 [main] WARN  o.s.b.a.o.j.JpaBaseConfiguration$JpaWebConfiguration - spring.jpa.open-in-view is enabled by default. Therefore, database queries may be performed during view rendering. Explicitly configure spring.jpa.open-in-view to disable this warning
2024-02-22 21:08:14 [main] WARN  o.s.b.a.s.s.UserDetailsServiceAutoConfiguration - 

Using generated security password: c0471cfc-d534-4077-adae-7ef6ce06ef00

This generated password is for development use only. Your security configuration must be updated before running your application in production.

2024-02-22 21:08:14 [main] INFO  o.s.b.a.e.web.EndpointLinksResolver - Exposing 1 endpoint(s) beneath base path '/actuator'
2024-02-22 21:08:14 [main] INFO  o.s.s.web.DefaultSecurityFilterChain - Will secure any request with [org.springframework.security.web.session.DisableEncodeUrlFilter@67add4c9, org.springframework.security.web.context.request.async.WebAsyncManagerIntegrationFilter@491afa9b, org.springframework.security.web.context.SecurityContextHolderFilter@1fc02a84, org.springframework.security.web.header.HeaderWriterFilter@2f803d8, org.springframework.web.filter.CorsFilter@147a8d7c, org.springframework.security.web.authentication.logout.LogoutFilter@55ed76e6, com.example.authenticationservice.configs.JwtRequestFilter@10b67f54, org.springframework.security.web.authentication.UsernamePasswordAuthenticationFilter@5a36a405, org.springframework.security.web.authentication.ui.DefaultLoginPageGeneratingFilter@173e4b75, org.springframework.security.web.authentication.ui.DefaultLogoutPageGeneratingFilter@60bd11f7, org.springframework.security.web.savedrequest.RequestCacheAwareFilter@641bd93e, org.springframework.security.web.servletapi.SecurityContextHolderAwareRequestFilter@445265b0, org.springframework.security.web.authentication.AnonymousAuthenticationFilter@693f9ab5, org.springframework.security.web.session.SessionManagementFilter@6298dafb, org.springframework.security.web.access.ExceptionTranslationFilter@19fdcaba, org.springframework.security.web.access.intercept.FilterSecurityInterceptor@197d6cc9]
2024-02-22 21:08:15 [main] INFO  o.a.coyote.http11.Http11NioProtocol - Starting ProtocolHandler ["http-nio-9001"]
2024-02-22 21:08:15 [main] INFO  o.s.b.w.e.tomcat.TomcatWebServer - Tomcat started on port 9001 (http) with context path ''
2024-02-22 21:08:15 [main] INFO  c.e.a.AuthenticationServiceApplication - Started AuthenticationServiceApplication in 2.684 seconds (process running for 3.009)
2024-02-22 21:08:15 [RMI TCP Connection(3)-127.0.0.1] INFO  o.a.c.c.C.[Tomcat].[localhost].[/] - Initializing Spring DispatcherServlet 'dispatcherServlet'
2024-02-22 21:08:15 [RMI TCP Connection(3)-127.0.0.1] INFO  o.s.web.servlet.DispatcherServlet - Initializing Servlet 'dispatcherServlet'
2024-02-22 21:08:15 [RMI TCP Connection(3)-127.0.0.1] INFO  o.s.web.servlet.DispatcherServlet - Completed initialization in 0 ms
2024-02-22 21:08:23 [http-nio-9001-exec-1] INFO  c.e.a.service.impl.UserServiceImpl - userEntity, user data access object null
